<?xml version="1.0" encoding="UTF-8"?>
<!-- Generated by org.testng.reporters.JUnitReportReporter -->
<testsuite skipped="1" hostname="DESKTOP-N60QB27" name="Nov12.Test8" tests="2" failures="0" timestamp="2022-11-12T18:38:21 IST" time="0.021" errors="0">
  <testcase name="m2" time="0.021" classname="Nov12.Test8"/>
  <testcase name="m1" classname="Nov12.Test8">
    <skipped/>
  </testcase> <!-- m1 -->
</testsuite> <!-- Nov12.Test8 -->
