<?xml version="1.0" encoding="UTF-8"?>
<!-- Generated by org.testng.reporters.JUnitReportReporter -->
<testsuite skipped="0" hostname="DESKTOP-N60QB27" name="Nov8.Test4" tests="1" failures="0" timestamp="2022-11-08T14:57:23 IST" time="9.975" errors="0">
  <testcase name="m1" time="9.975" classname="Nov8.Test4"/>
</testsuite> <!-- Nov8.Test4 -->
