<?xml version="1.0" encoding="UTF-8"?>
<!-- Generated by org.testng.reporters.JUnitReportReporter -->
<testsuite skipped="0" hostname="DESKTOP-N60QB27" name="Oct4.T3" tests="1" failures="0" timestamp="2022-11-04T13:14:25 IST" time="13.236" errors="0">
  <testcase name="test1" time="13.236" classname="Oct4.T3"/>
</testsuite> <!-- Oct4.T3 -->
