<?xml version="1.0" encoding="UTF-8"?>
<!-- Generated by org.testng.reporters.JUnitReportReporter -->
<testsuite skipped="0" hostname="DESKTOP-N60QB27" name="Nov12.Test2" tests="1" failures="0" timestamp="2022-11-12T15:57:37 IST" time="16.394" errors="0">
  <testcase name="main" time="16.394" classname="Nov12.Test2"/>
</testsuite> <!-- Nov12.Test2 -->
