<?xml version="1.0" encoding="UTF-8"?>
<!-- Generated by org.testng.reporters.JUnitReportReporter -->
<testsuite skipped="0" hostname="DESKTOP-N60QB27" name="Nov17.Test1" tests="1" failures="0" timestamp="2022-11-17T09:45:02 IST" time="41.675" errors="0">
  <testcase name="m1" time="41.675" classname="Nov17.Test1"/>
</testsuite> <!-- Nov17.Test1 -->
