<?xml version="1.0" encoding="UTF-8"?>
<!-- Generated by org.testng.reporters.JUnitReportReporter -->
<testsuite skipped="0" hostname="DESKTOP-N60QB27" name="Oct3.T1" tests="1" failures="0" timestamp="2022-11-03T20:20:24 IST" time="36.389" errors="0">
  <testcase name="m1" time="36.389" classname="Oct3.T1"/>
</testsuite> <!-- Oct3.T1 -->
