<?xml version="1.0" encoding="UTF-8"?>
<!-- Generated by org.testng.reporters.JUnitReportReporter -->
<testsuite skipped="0" hostname="DESKTOP-N60QB27" name="Nov6.Test1" tests="1" failures="0" timestamp="2022-11-06T10:23:31 IST" time="44.046" errors="0">
  <testcase name="m1" time="44.046" classname="Nov6.Test1"/>
</testsuite> <!-- Nov6.Test1 -->
