<?xml version="1.0" encoding="UTF-8"?>
<!-- Generated by org.testng.reporters.JUnitReportReporter -->
<testsuite skipped="0" hostname="DESKTOP-N60QB27" name="Nov9.Test2" tests="1" failures="0" timestamp="2022-11-09T08:23:08 IST" time="27.633" errors="0">
  <testcase name="main" time="27.633" classname="Nov9.Test2"/>
</testsuite> <!-- Nov9.Test2 -->
