<?xml version="1.0" encoding="UTF-8"?>
<!-- Generated by org.testng.reporters.JUnitReportReporter -->
<testsuite skipped="0" hostname="DESKTOP-N60QB27" name="Nov12.Test3" tests="1" failures="0" timestamp="2022-11-12T16:09:12 IST" time="10.994" errors="0">
  <testcase name="main" time="10.994" classname="Nov12.Test3"/>
</testsuite> <!-- Nov12.Test3 -->
