<?xml version="1.0" encoding="UTF-8"?>
<!-- Generated by org.testng.reporters.JUnitReportReporter -->
<testsuite skipped="0" hostname="DESKTOP-N60QB27" name="Nov8.LeetCode4" tests="1" failures="0" timestamp="2022-11-08T15:20:29 IST" time="18.160" errors="0">
  <testcase name="m1" time="18.160" classname="Nov8.LeetCode4"/>
</testsuite> <!-- Nov8.LeetCode4 -->
