<?xml version="1.0" encoding="UTF-8"?>
<!-- Generated by org.testng.reporters.JUnitReportReporter -->
<testsuite skipped="0" hostname="DESKTOP-N60QB27" name="Nov9.Test6" tests="1" failures="0" timestamp="2022-11-09T09:02:19 IST" time="20.037" errors="0">
  <testcase name="main" time="20.037" classname="Nov9.Test6"/>
</testsuite> <!-- Nov9.Test6 -->
