<?xml version="1.0" encoding="UTF-8"?>
<!-- Generated by org.testng.reporters.JUnitReportReporter -->
<testsuite skipped="0" hostname="DESKTOP-N60QB27" name="Nov17.Test2" tests="1" failures="0" timestamp="2022-11-17T09:56:09 IST" time="15.000" errors="0">
  <testcase name="m1" time="15.000" classname="Nov17.Test2"/>
</testsuite> <!-- Nov17.Test2 -->
