<?xml version="1.0" encoding="UTF-8"?>
<!-- Generated by org.testng.reporters.JUnitReportReporter -->
<testsuite skipped="0" hostname="DESKTOP-N60QB27" name="Oct2.T1" tests="1" failures="0" timestamp="2022-11-02T20:39:36 IST" time="21.787" errors="0">
  <testcase name="m1" time="21.787" classname="Oct2.T1"/>
</testsuite> <!-- Oct2.T1 -->
