<?xml version="1.0" encoding="UTF-8"?>
<!-- Generated by org.testng.reporters.JUnitReportReporter -->
<testsuite skipped="0" hostname="DESKTOP-N60QB27" name="Nov9.Test7" tests="1" failures="0" timestamp="2022-11-12T20:00:57 IST" time="26.193" errors="0">
  <testcase name="main" time="26.193" classname="Nov9.Test7"/>
</testsuite> <!-- Nov9.Test7 -->
