<?xml version="1.0" encoding="UTF-8"?>
<!-- Generated by org.testng.reporters.JUnitReportReporter -->
<testsuite skipped="0" hostname="DESKTOP-N60QB27" name="Nov8.LeetCode12" tests="1" failures="0" timestamp="2022-11-08T18:51:33 IST" time="31.867" errors="0">
  <testcase name="m1" time="31.867" classname="Nov8.LeetCode12"/>
</testsuite> <!-- Nov8.LeetCode12 -->
