<?xml version="1.0" encoding="UTF-8"?>
<!-- Generated by org.testng.reporters.JUnitReportReporter -->
<testsuite skipped="0" hostname="DESKTOP-N60QB27" name="Nov9.Test4" tests="1" failures="0" timestamp="2022-11-09T08:35:51 IST" time="60.522" errors="0">
  <testcase name="main" time="60.522" classname="Nov9.Test4"/>
</testsuite> <!-- Nov9.Test4 -->
