<?xml version="1.0" encoding="UTF-8"?>
<!-- Generated by org.testng.reporters.JUnitReportReporter -->
<testsuite skipped="0" hostname="DESKTOP-N60QB27" name="Nov11.Test3" tests="1" failures="0" timestamp="2022-11-11T14:08:54 IST" time="34.225" errors="0">
  <testcase name="test1" time="34.225" classname="Nov11.Test3"/>
</testsuite> <!-- Nov11.Test3 -->
