<?xml version="1.0" encoding="UTF-8"?>
<!-- Generated by org.testng.reporters.JUnitReportReporter -->
<testsuite skipped="0" hostname="DESKTOP-N60QB27" name="Oct4.T1" tests="1" failures="0" timestamp="2022-11-04T12:55:41 IST" time="66.203" errors="0">
  <testcase name="test1" time="66.203" classname="Oct4.T1"/>
</testsuite> <!-- Oct4.T1 -->
