<?xml version="1.0" encoding="UTF-8"?>
<!-- Generated by org.testng.reporters.JUnitReportReporter -->
<testsuite skipped="0" hostname="DESKTOP-N60QB27" name="Nov12.Test4" tests="1" failures="0" timestamp="2022-11-12T16:19:15 IST" time="10.397" errors="0">
  <testcase name="main" time="10.397" classname="Nov12.Test4"/>
</testsuite> <!-- Nov12.Test4 -->
