<?xml version="1.0" encoding="UTF-8"?>
<!-- Generated by org.testng.reporters.JUnitReportReporter -->
<testsuite skipped="0" hostname="DESKTOP-N60QB27" name="Nov12.Test10" tests="2" failures="0" timestamp="2022-11-12T18:41:40 IST" time="0.022" errors="0">
  <testcase name="m1" time="0.020" classname="Nov12.Test10"/>
  <testcase name="m2" time="0.002" classname="Nov12.Test10"/>
</testsuite> <!-- Nov12.Test10 -->
