<?xml version="1.0" encoding="UTF-8"?>
<!-- Generated by org.testng.reporters.JUnitReportReporter -->
<testsuite skipped="0" hostname="DESKTOP-N60QB27" name="Nov17.HandleWait" tests="1" failures="0" timestamp="2022-11-17T22:49:55 IST" time="5.501" errors="0">
  <testcase name="main" time="5.501" classname="Nov17.HandleWait"/>
</testsuite> <!-- Nov17.HandleWait -->
