<?xml version="1.0" encoding="UTF-8"?>
<!-- Generated by org.testng.reporters.JUnitReportReporter -->
<testsuite skipped="0" hostname="DESKTOP-N60QB27" name="Nov12.Test7" tests="2" failures="0" timestamp="2022-11-12T18:37:30 IST" time="0.019" errors="0">
  <testcase name="m1" time="0.018" classname="Nov12.Test7"/>
  <testcase name="m2" time="0.001" classname="Nov12.Test7"/>
</testsuite> <!-- Nov12.Test7 -->
