<?xml version="1.0" encoding="UTF-8"?>
<!-- Generated by org.testng.reporters.JUnitReportReporter -->
<testsuite skipped="0" hostname="DESKTOP-N60QB27" name="Nov9.Test5" tests="1" failures="0" timestamp="2022-11-09T08:52:51 IST" time="51.301" errors="0">
  <testcase name="main" time="51.301" classname="Nov9.Test5"/>
</testsuite> <!-- Nov9.Test5 -->
