<?xml version="1.0" encoding="UTF-8"?>
<!-- Generated by org.testng.reporters.JUnitReportReporter -->
<testsuite skipped="0" hostname="DESKTOP-N60QB27" name="Nov12.Test6" tests="1" failures="0" timestamp="2022-11-12T16:29:05 IST" time="32.282" errors="0">
  <testcase name="main" time="32.282" classname="Nov12.Test6"/>
</testsuite> <!-- Nov12.Test6 -->
