<?xml version="1.0" encoding="UTF-8"?>
<!-- Generated by org.testng.reporters.JUnitReportReporter -->
<testsuite skipped="0" hostname="DESKTOP-N60QB27" name="Nov9.Test3" tests="1" failures="0" timestamp="2022-11-09T08:29:49 IST" time="29.083" errors="0">
  <testcase name="main" time="29.083" classname="Nov9.Test3"/>
</testsuite> <!-- Nov9.Test3 -->
